[ 2016-04-23T09:26:59+08:00 ] 119.60.2.182 /
INFO: [ app_init ] --START--
INFO: Run Behavior\BuildLiteBehavior [ RunTime:0.000000s ]
INFO: [ app_init ] --END-- [ RunTime:0.000000s ]
INFO: [ app_begin ] --START--
INFO: Run Behavior\ReadHtmlCacheBehavior [ RunTime:0.000000s ]
INFO: [ app_begin ] --END-- [ RunTime:0.000000s ]
NOTIC: [8] Undefined index: zc_user_info D:\www\wechatapp\web\AppZc\Home\Controller\LoginController.class.php 第 20 行.
INFO: [ view_parse ] --START--
INFO: [ template_filter ] --START--
INFO: Run Behavior\ContentReplaceBehavior [ RunTime:0.000000s ]
INFO: [ template_filter ] --END-- [ RunTime:0.000000s ]
INFO: Run Behavior\ParseTemplateBehavior [ RunTime:0.015622s ]
INFO: [ view_parse ] --END-- [ RunTime:0.015622s ]
INFO: [ view_filter ] --START--
INFO: Run Behavior\WriteHtmlCacheBehavior [ RunTime:0.000000s ]
INFO: [ view_filter ] --END-- [ RunTime:0.000000s ]
INFO: [ app_end ] --START--
INFO: Run Behavior\ShowPageTraceBehavior [ RunTime:0.000000s ]
INFO: [ app_end ] --END-- [ RunTime:0.000000s ]

[ 2016-04-23T09:27:05+08:00 ] 119.60.2.182 /index.php/Home/Login/LoginIn
INFO: [ app_init ] --START--
INFO: Run Behavior\BuildLiteBehavior [ RunTime:0.000000s ]
INFO: [ app_init ] --END-- [ RunTime:0.000000s ]
INFO: [ app_begin ] --START--
INFO: Run Behavior\ReadHtmlCacheBehavior [ RunTime:0.000000s ]
INFO: [ app_begin ] --END-- [ RunTime:0.000000s ]
SQL: SHOW COLUMNS FROM `zc_admin` [ RunTime:0.0000s ]
SQL: SELECT * FROM `zc_admin` WHERE `uname` = 'admin' LIMIT 1   [ RunTime:0.0000s ]
INFO: [ view_parse ] --START--
INFO: [ template_filter ] --START--
INFO: Run Behavior\ContentReplaceBehavior [ RunTime:0.000000s ]
INFO: [ template_filter ] --END-- [ RunTime:0.000000s ]
INFO: Run Behavior\ParseTemplateBehavior [ RunTime:0.000000s ]
INFO: [ view_parse ] --END-- [ RunTime:0.000000s ]
INFO: [ view_filter ] --START--
INFO: Run Behavior\WriteHtmlCacheBehavior [ RunTime:0.000000s ]
INFO: [ view_filter ] --END-- [ RunTime:0.000000s ]
INFO: [ app_end ] --START--
INFO: Run Behavior\ShowPageTraceBehavior [ RunTime:0.000000s ]
INFO: [ app_end ] --END-- [ RunTime:0.000000s ]

[ 2016-04-23T09:27:06+08:00 ] 119.60.2.182 /index.php?s=/home/index/index.html
INFO: [ app_init ] --START--
INFO: Run Behavior\BuildLiteBehavior [ RunTime:0.000000s ]
INFO: [ app_init ] --END-- [ RunTime:0.000000s ]
INFO: [ app_begin ] --START--
INFO: Run Behavior\ReadHtmlCacheBehavior [ RunTime:0.000000s ]
INFO: [ app_begin ] --END-- [ RunTime:0.000000s ]
INFO: [ view_parse ] --START--
INFO: [ template_filter ] --START--
INFO: Run Behavior\ContentReplaceBehavior [ RunTime:0.000000s ]
INFO: [ template_filter ] --END-- [ RunTime:0.000000s ]
INFO: Run Behavior\ParseTemplateBehavior [ RunTime:0.000000s ]
INFO: [ view_parse ] --END-- [ RunTime:0.000000s ]
INFO: [ view_filter ] --START--
INFO: Run Behavior\WriteHtmlCacheBehavior [ RunTime:0.000000s ]
INFO: [ view_filter ] --END-- [ RunTime:0.000000s ]
INFO: [ app_end ] --START--
INFO: Run Behavior\ShowPageTraceBehavior [ RunTime:0.000000s ]
INFO: [ app_end ] --END-- [ RunTime:0.000000s ]

[ 2016-04-23T09:27:08+08:00 ] 119.60.2.182 /index.php?s=/home/Crowdfunding/index.html
INFO: [ app_init ] --START--
INFO: Run Behavior\BuildLiteBehavior [ RunTime:0.000000s ]
INFO: [ app_init ] --END-- [ RunTime:0.000000s ]
INFO: [ app_begin ] --START--
INFO: Run Behavior\ReadHtmlCacheBehavior [ RunTime:0.000000s ]
INFO: [ app_begin ] --END-- [ RunTime:0.000000s ]
NOTIC: [8] Use of undefined constant EXTFUNCTION_FUNCTIONPLUGIN - assumed 'EXTFUNCTION_FUNCTIONPLUGIN' D:\www\wechatapp\web\AppZc\ExtFunction\Crowdfunding\Api\Api.class.php 第 13 行.
SQL: SHOW COLUMNS FROM `zc_object` [ RunTime:0.0000s ]
SQL: SHOW COLUMNS FROM `zc_object` [ RunTime:0.0000s ]
NOTIC: [2] Missing argument 1 for Think\Model::where(), called in D:\www\wechatapp\web\AppZc\ExtFunction\Crowdfunding\Model\CrowdundingModel.class.php on line 23 and defined D:\www\wechatapp\web\Include\Library\Think\Model.class.php 第 1797 行.
NOTIC: [8] Undefined variable: where D:\www\wechatapp\web\Include\Library\Think\Model.class.php 第 1805 行.
NOTIC: [8] Undefined variable: where D:\www\wechatapp\web\Include\Library\Think\Model.class.php 第 1808 行.
NOTIC: [8] Undefined variable: where D:\www\wechatapp\web\Include\Library\Think\Model.class.php 第 1816 行.
SQL: SELECT * FROM `zc_object`  [ RunTime:0.0000s ]
INFO: [ view_parse ] --START--
INFO: [ template_filter ] --START--
INFO: Run Behavior\ContentReplaceBehavior [ RunTime:0.000000s ]
INFO: [ template_filter ] --END-- [ RunTime:0.000000s ]
INFO: Run Behavior\ParseTemplateBehavior [ RunTime:0.015623s ]
INFO: [ view_parse ] --END-- [ RunTime:0.015623s ]
INFO: [ view_filter ] --START--
INFO: Run Behavior\WriteHtmlCacheBehavior [ RunTime:0.000000s ]
INFO: [ view_filter ] --END-- [ RunTime:0.000000s ]
INFO: [ app_end ] --START--
INFO: Run Behavior\ShowPageTraceBehavior [ RunTime:0.000000s ]
INFO: [ app_end ] --END-- [ RunTime:0.000000s ]

[ 2016-04-23T09:27:10+08:00 ] 119.60.2.182 /index.php?s=/home/crowdfunding/addBodyIndex/oid/1
INFO: [ app_init ] --START--
INFO: Run Behavior\BuildLiteBehavior [ RunTime:0.000000s ]
INFO: [ app_init ] --END-- [ RunTime:0.000000s ]
INFO: [ app_begin ] --START--
INFO: Run Behavior\ReadHtmlCacheBehavior [ RunTime:0.000000s ]
INFO: [ app_begin ] --END-- [ RunTime:0.000000s ]
NOTIC: [8] Use of undefined constant EXTFUNCTION_FUNCTIONPLUGIN - assumed 'EXTFUNCTION_FUNCTIONPLUGIN' D:\www\wechatapp\web\AppZc\ExtFunction\Crowdfunding\Api\Api.class.php 第 13 行.
SQL: SHOW COLUMNS FROM `zc_object` [ RunTime:0.0000s ]
INFO: [ view_parse ] --START--
INFO: [ template_filter ] --START--
INFO: Run Behavior\ContentReplaceBehavior [ RunTime:0.000000s ]
INFO: [ template_filter ] --END-- [ RunTime:0.000000s ]
INFO: Run Behavior\ParseTemplateBehavior [ RunTime:0.000000s ]
INFO: [ view_parse ] --END-- [ RunTime:0.000000s ]
INFO: [ view_filter ] --START--
INFO: Run Behavior\WriteHtmlCacheBehavior [ RunTime:0.000000s ]
INFO: [ view_filter ] --END-- [ RunTime:0.000000s ]
INFO: [ app_end ] --START--
INFO: Run Behavior\ShowPageTraceBehavior [ RunTime:0.000000s ]
INFO: [ app_end ] --END-- [ RunTime:0.000000s ]

[ 2016-04-23T09:27:12+08:00 ] 119.60.2.182 /index.php?s=/home/crowdfunding/ueditor.html&action=config&&noCache=1461374840235
INFO: [ app_init ] --START--
INFO: Run Behavior\BuildLiteBehavior [ RunTime:0.000000s ]
INFO: [ app_init ] --END-- [ RunTime:0.000000s ]
INFO: [ app_begin ] --START--
INFO: Run Behavior\ReadHtmlCacheBehavior [ RunTime:0.000000s ]
INFO: [ app_begin ] --END-- [ RunTime:0.000000s ]
NOTIC: [8] Use of undefined constant EXTFUNCTION_FUNCTIONPLUGIN - assumed 'EXTFUNCTION_FUNCTIONPLUGIN' D:\www\wechatapp\web\AppZc\ExtFunction\Crowdfunding\Api\Api.class.php 第 13 行.
SQL: SHOW COLUMNS FROM `zc_object` [ RunTime:0.0000s ]
INFO: [ app_end ] --START--
INFO: Run Behavior\ShowPageTraceBehavior [ RunTime:0.000000s ]
INFO: [ app_end ] --END-- [ RunTime:0.000000s ]

[ 2016-04-23T09:35:53+08:00 ] 119.60.2.182 /index.php?s=/home/crowdfunding/addBodyIndex/oid/1
INFO: [ app_init ] --START--
INFO: Run Behavior\BuildLiteBehavior [ RunTime:0.000000s ]
INFO: [ app_init ] --END-- [ RunTime:0.000000s ]
INFO: [ app_begin ] --START--
INFO: Run Behavior\ReadHtmlCacheBehavior [ RunTime:0.000000s ]
INFO: [ app_begin ] --END-- [ RunTime:0.000000s ]
NOTIC: [8] Use of undefined constant EXTFUNCTION_FUNCTIONPLUGIN - assumed 'EXTFUNCTION_FUNCTIONPLUGIN' D:\www\wechatapp\web\AppZc\ExtFunction\Crowdfunding\Api\Api.class.php 第 13 行.
SQL: SHOW COLUMNS FROM `zc_object` [ RunTime:0.0000s ]
INFO: [ view_parse ] --START--
INFO: [ template_filter ] --START--
INFO: Run Behavior\ContentReplaceBehavior [ RunTime:0.000000s ]
INFO: [ template_filter ] --END-- [ RunTime:0.000000s ]
INFO: Run Behavior\ParseTemplateBehavior [ RunTime:0.000000s ]
INFO: [ view_parse ] --END-- [ RunTime:0.000000s ]
INFO: [ view_filter ] --START--
INFO: Run Behavior\WriteHtmlCacheBehavior [ RunTime:0.000000s ]
INFO: [ view_filter ] --END-- [ RunTime:0.000000s ]
INFO: [ app_end ] --START--
INFO: Run Behavior\ShowPageTraceBehavior [ RunTime:0.000000s ]
INFO: [ app_end ] --END-- [ RunTime:0.000000s ]

[ 2016-04-23T09:35:55+08:00 ] 119.60.2.182 /index.php?s=/home/crowdfunding/ueditor.html&action=config&&noCache=1461375364039
INFO: [ app_init ] --START--
INFO: Run Behavior\BuildLiteBehavior [ RunTime:0.000000s ]
INFO: [ app_init ] --END-- [ RunTime:0.000000s ]
INFO: [ app_begin ] --START--
INFO: Run Behavior\ReadHtmlCacheBehavior [ RunTime:0.000000s ]
INFO: [ app_begin ] --END-- [ RunTime:0.000000s ]
NOTIC: [8] Use of undefined constant EXTFUNCTION_FUNCTIONPLUGIN - assumed 'EXTFUNCTION_FUNCTIONPLUGIN' D:\www\wechatapp\web\AppZc\ExtFunction\Crowdfunding\Api\Api.class.php 第 13 行.
SQL: SHOW COLUMNS FROM `zc_object` [ RunTime:0.0000s ]
INFO: [ app_end ] --START--
INFO: Run Behavior\ShowPageTraceBehavior [ RunTime:0.000000s ]
INFO: [ app_end ] --END-- [ RunTime:0.000000s ]

[ 2016-04-23T11:15:57+08:00 ] 140.207.54.74 /index.php?s=/home/Pwechat/index.html&signature=68988fb532fa0964ee90aae2c77713231b95ee78&timestamp=1461381356&nonce=1488835043
INFO: [ app_init ] --START--
INFO: Run Behavior\BuildLiteBehavior [ RunTime:0.000000s ]
INFO: [ app_init ] --END-- [ RunTime:0.000000s ]
INFO: [ app_begin ] --START--
INFO: Run Behavior\ReadHtmlCacheBehavior [ RunTime:0.000000s ]
INFO: [ app_begin ] --END-- [ RunTime:0.000000s ]
SQL: SHOW COLUMNS FROM `zc_wechatuserinfo` [ RunTime:0.0000s ]
SQL: SHOW COLUMNS FROM `zc_sysconfig` [ RunTime:0.0000s ]
SQL: SELECT `id`,`zc_key`,`zc_val`,`zc_descript` FROM `zc_sysconfig` WHERE `zc_key` = 'ZC_TOKEN' LIMIT 1   [ RunTime:0.0000s ]
SQL: SELECT `id`,`zc_key`,`zc_val`,`zc_descript` FROM `zc_sysconfig` WHERE `zc_key` = 'ZC_APPSECRET' LIMIT 1   [ RunTime:0.0000s ]
SQL: SELECT `id`,`zc_key`,`zc_val`,`zc_descript` FROM `zc_sysconfig` WHERE `zc_key` = 'ZC_APPID' LIMIT 1   [ RunTime:0.0000s ]
SQL: SELECT `id`,`zc_key`,`zc_val`,`zc_descript` FROM `zc_sysconfig` WHERE `zc_key` = 'ZC_ENCODINGAESKEY' LIMIT 1   [ RunTime:0.0000s ]
INFO: [ app_end ] --START--
INFO: Run Behavior\ShowPageTraceBehavior [ RunTime:0.000000s ]
INFO: [ app_end ] --END-- [ RunTime:0.000000s ]

[ 2016-04-23T16:31:13+08:00 ] 58.247.206.150 /index.php?s=/home/Pwechat/index.html&signature=42e96af53b4f676bcedb67f417b0f160c3486872&timestamp=1461400269&nonce=513891979
INFO: [ app_init ] --START--
INFO: Run Behavior\BuildLiteBehavior [ RunTime:0.000000s ]
INFO: [ app_init ] --END-- [ RunTime:0.000000s ]
INFO: [ app_begin ] --START--
INFO: Run Behavior\ReadHtmlCacheBehavior [ RunTime:0.000000s ]
INFO: [ app_begin ] --END-- [ RunTime:0.000000s ]
SQL: SHOW COLUMNS FROM `zc_wechatuserinfo` [ RunTime:0.0000s ]
SQL: SHOW COLUMNS FROM `zc_sysconfig` [ RunTime:0.0000s ]
SQL: SELECT `id`,`zc_key`,`zc_val`,`zc_descript` FROM `zc_sysconfig` WHERE `zc_key` = 'ZC_TOKEN' LIMIT 1   [ RunTime:0.0000s ]
SQL: SELECT `id`,`zc_key`,`zc_val`,`zc_descript` FROM `zc_sysconfig` WHERE `zc_key` = 'ZC_APPSECRET' LIMIT 1   [ RunTime:0.0000s ]
SQL: SELECT `id`,`zc_key`,`zc_val`,`zc_descript` FROM `zc_sysconfig` WHERE `zc_key` = 'ZC_APPID' LIMIT 1   [ RunTime:0.0000s ]
SQL: SELECT `id`,`zc_key`,`zc_val`,`zc_descript` FROM `zc_sysconfig` WHERE `zc_key` = 'ZC_ENCODINGAESKEY' LIMIT 1   [ RunTime:0.0000s ]
INFO: [ app_end ] --START--
INFO: Run Behavior\ShowPageTraceBehavior [ RunTime:0.000000s ]
INFO: [ app_end ] --END-- [ RunTime:0.000000s ]

[ 2016-04-23T22:02:59+08:00 ] 111.113.224.210 /
INFO: [ app_init ] --START--
INFO: Run Behavior\BuildLiteBehavior [ RunTime:0.000000s ]
INFO: [ app_init ] --END-- [ RunTime:0.000000s ]
INFO: [ app_begin ] --START--
INFO: Run Behavior\ReadHtmlCacheBehavior [ RunTime:0.000000s ]
INFO: [ app_begin ] --END-- [ RunTime:0.000000s ]
NOTIC: [8] Undefined index: zc_user_info D:\www\wechatapp\web\AppZc\Home\Controller\LoginController.class.php 第 20 行.
INFO: [ view_parse ] --START--
INFO: [ template_filter ] --START--
INFO: Run Behavior\ContentReplaceBehavior [ RunTime:0.000000s ]
INFO: [ template_filter ] --END-- [ RunTime:0.000000s ]
INFO: Run Behavior\ParseTemplateBehavior [ RunTime:0.031246s ]
INFO: [ view_parse ] --END-- [ RunTime:0.031246s ]
INFO: [ view_filter ] --START--
INFO: Run Behavior\WriteHtmlCacheBehavior [ RunTime:0.000000s ]
INFO: [ view_filter ] --END-- [ RunTime:0.000000s ]
INFO: [ app_end ] --START--
INFO: Run Behavior\ShowPageTraceBehavior [ RunTime:0.015623s ]
INFO: [ app_end ] --END-- [ RunTime:0.015623s ]

[ 2016-04-23T22:03:08+08:00 ] 111.113.224.210 /index.php/Home/Login/LoginIn
INFO: [ app_init ] --START--
INFO: Run Behavior\BuildLiteBehavior [ RunTime:0.000000s ]
INFO: [ app_init ] --END-- [ RunTime:0.000000s ]
INFO: [ app_begin ] --START--
INFO: Run Behavior\ReadHtmlCacheBehavior [ RunTime:0.000000s ]
INFO: [ app_begin ] --END-- [ RunTime:0.000000s ]
SQL: SHOW COLUMNS FROM `zc_admin` [ RunTime:0.0000s ]
SQL: SELECT * FROM `zc_admin` WHERE `uname` = 'admin' LIMIT 1   [ RunTime:0.0000s ]
INFO: [ view_parse ] --START--
INFO: [ template_filter ] --START--
INFO: Run Behavior\ContentReplaceBehavior [ RunTime:0.015623s ]
INFO: [ template_filter ] --END-- [ RunTime:0.015623s ]
INFO: Run Behavior\ParseTemplateBehavior [ RunTime:0.015623s ]
INFO: [ view_parse ] --END-- [ RunTime:0.015623s ]
INFO: [ view_filter ] --START--
INFO: Run Behavior\WriteHtmlCacheBehavior [ RunTime:0.000000s ]
INFO: [ view_filter ] --END-- [ RunTime:0.000000s ]
INFO: [ app_end ] --START--
INFO: Run Behavior\ShowPageTraceBehavior [ RunTime:0.000000s ]
INFO: [ app_end ] --END-- [ RunTime:0.000000s ]

[ 2016-04-23T22:03:09+08:00 ] 111.113.224.210 /index.php?s=/home/index/index.html
INFO: [ app_init ] --START--
INFO: Run Behavior\BuildLiteBehavior [ RunTime:0.000000s ]
INFO: [ app_init ] --END-- [ RunTime:0.000000s ]
INFO: [ app_begin ] --START--
INFO: Run Behavior\ReadHtmlCacheBehavior [ RunTime:0.000000s ]
INFO: [ app_begin ] --END-- [ RunTime:0.000000s ]
INFO: [ view_parse ] --START--
INFO: [ template_filter ] --START--
INFO: Run Behavior\ContentReplaceBehavior [ RunTime:0.000000s ]
INFO: [ template_filter ] --END-- [ RunTime:0.000000s ]
INFO: Run Behavior\ParseTemplateBehavior [ RunTime:0.015623s ]
INFO: [ view_parse ] --END-- [ RunTime:0.015623s ]
INFO: [ view_filter ] --START--
INFO: Run Behavior\WriteHtmlCacheBehavior [ RunTime:0.000000s ]
INFO: [ view_filter ] --END-- [ RunTime:0.000000s ]
INFO: [ app_end ] --START--
INFO: Run Behavior\ShowPageTraceBehavior [ RunTime:0.000000s ]
INFO: [ app_end ] --END-- [ RunTime:0.000000s ]

[ 2016-04-23T22:03:12+08:00 ] 111.113.224.210 /index.php?s=/home/Crowdfunding/index.html
INFO: [ app_init ] --START--
INFO: Run Behavior\BuildLiteBehavior [ RunTime:0.000000s ]
INFO: [ app_init ] --END-- [ RunTime:0.000000s ]
INFO: [ app_begin ] --START--
INFO: Run Behavior\ReadHtmlCacheBehavior [ RunTime:0.000000s ]
INFO: [ app_begin ] --END-- [ RunTime:0.000000s ]
NOTIC: [8] Use of undefined constant EXTFUNCTION_FUNCTIONPLUGIN - assumed 'EXTFUNCTION_FUNCTIONPLUGIN' D:\www\wechatapp\web\AppZc\ExtFunction\Crowdfunding\Api\Api.class.php 第 13 行.
SQL: SHOW COLUMNS FROM `zc_object` [ RunTime:0.0000s ]
SQL: SHOW COLUMNS FROM `zc_object` [ RunTime:0.0000s ]
NOTIC: [2] Missing argument 1 for Think\Model::where(), called in D:\www\wechatapp\web\AppZc\ExtFunction\Crowdfunding\Model\CrowdundingModel.class.php on line 23 and defined D:\www\wechatapp\web\Include\Library\Think\Model.class.php 第 1797 行.
NOTIC: [8] Undefined variable: where D:\www\wechatapp\web\Include\Library\Think\Model.class.php 第 1805 行.
NOTIC: [8] Undefined variable: where D:\www\wechatapp\web\Include\Library\Think\Model.class.php 第 1808 行.
NOTIC: [8] Undefined variable: where D:\www\wechatapp\web\Include\Library\Think\Model.class.php 第 1816 行.
SQL: SELECT * FROM `zc_object`  [ RunTime:0.0000s ]
INFO: [ view_parse ] --START--
INFO: [ template_filter ] --START--
INFO: Run Behavior\ContentReplaceBehavior [ RunTime:0.000000s ]
INFO: [ template_filter ] --END-- [ RunTime:0.000000s ]
INFO: Run Behavior\ParseTemplateBehavior [ RunTime:0.031246s ]
INFO: [ view_parse ] --END-- [ RunTime:0.031246s ]
INFO: [ view_filter ] --START--
INFO: Run Behavior\WriteHtmlCacheBehavior [ RunTime:0.000000s ]
INFO: [ view_filter ] --END-- [ RunTime:0.000000s ]
INFO: [ app_end ] --START--
INFO: Run Behavior\ShowPageTraceBehavior [ RunTime:0.000000s ]
INFO: [ app_end ] --END-- [ RunTime:0.000000s ]

[ 2016-04-23T22:03:15+08:00 ] 111.113.224.210 /index.php?s=/home/crowdfunding/addBodyIndex/oid/1
INFO: [ app_init ] --START--
INFO: Run Behavior\BuildLiteBehavior [ RunTime:0.000000s ]
INFO: [ app_init ] --END-- [ RunTime:0.000000s ]
INFO: [ app_begin ] --START--
INFO: Run Behavior\ReadHtmlCacheBehavior [ RunTime:0.000000s ]
INFO: [ app_begin ] --END-- [ RunTime:0.000000s ]
NOTIC: [8] Use of undefined constant EXTFUNCTION_FUNCTIONPLUGIN - assumed 'EXTFUNCTION_FUNCTIONPLUGIN' D:\www\wechatapp\web\AppZc\ExtFunction\Crowdfunding\Api\Api.class.php 第 13 行.
SQL: SHOW COLUMNS FROM `zc_object` [ RunTime:0.0000s ]
INFO: [ view_parse ] --START--
INFO: [ template_filter ] --START--
INFO: Run Behavior\ContentReplaceBehavior [ RunTime:0.000000s ]
INFO: [ template_filter ] --END-- [ RunTime:0.000000s ]
INFO: Run Behavior\ParseTemplateBehavior [ RunTime:0.000000s ]
INFO: [ view_parse ] --END-- [ RunTime:0.000000s ]
INFO: [ view_filter ] --START--
INFO: Run Behavior\WriteHtmlCacheBehavior [ RunTime:0.000000s ]
INFO: [ view_filter ] --END-- [ RunTime:0.000000s ]
INFO: [ app_end ] --START--
INFO: Run Behavior\ShowPageTraceBehavior [ RunTime:0.000000s ]
INFO: [ app_end ] --END-- [ RunTime:0.000000s ]

[ 2016-04-23T22:03:17+08:00 ] 111.113.224.210 /index.php?s=/home/crowdfunding/ueditor.html&action=config&&noCache=1461420199107
INFO: [ app_init ] --START--
INFO: Run Behavior\BuildLiteBehavior [ RunTime:0.000000s ]
INFO: [ app_init ] --END-- [ RunTime:0.000000s ]
INFO: [ app_begin ] --START--
INFO: Run Behavior\ReadHtmlCacheBehavior [ RunTime:0.000000s ]
INFO: [ app_begin ] --END-- [ RunTime:0.000000s ]
NOTIC: [8] Use of undefined constant EXTFUNCTION_FUNCTIONPLUGIN - assumed 'EXTFUNCTION_FUNCTIONPLUGIN' D:\www\wechatapp\web\AppZc\ExtFunction\Crowdfunding\Api\Api.class.php 第 13 行.
SQL: SHOW COLUMNS FROM `zc_object` [ RunTime:0.0000s ]
INFO: [ app_end ] --START--
INFO: Run Behavior\ShowPageTraceBehavior [ RunTime:0.000000s ]
INFO: [ app_end ] --END-- [ RunTime:0.000000s ]

[ 2016-04-23T22:07:28+08:00 ] 111.113.224.210 /index.php?s=/home/SysConfig/index.html
INFO: [ app_init ] --START--
INFO: Run Behavior\BuildLiteBehavior [ RunTime:0.000000s ]
INFO: [ app_init ] --END-- [ RunTime:0.000000s ]
INFO: [ app_begin ] --START--
INFO: Run Behavior\ReadHtmlCacheBehavior [ RunTime:0.000000s ]
INFO: [ app_begin ] --END-- [ RunTime:0.000000s ]
SQL: SHOW COLUMNS FROM `zc_sysconfig` [ RunTime:0.0000s ]
NOTIC: [2] Missing argument 1 for Think\Model::where(), called in D:\www\wechatapp\web\AppZc\SysConfig\Model\SysConfigModel.class.php on line 40 and defined D:\www\wechatapp\web\Include\Library\Think\Model.class.php 第 1797 行.
NOTIC: [8] Undefined variable: where D:\www\wechatapp\web\Include\Library\Think\Model.class.php 第 1805 行.
NOTIC: [8] Undefined variable: where D:\www\wechatapp\web\Include\Library\Think\Model.class.php 第 1808 行.
NOTIC: [8] Undefined variable: where D:\www\wechatapp\web\Include\Library\Think\Model.class.php 第 1816 行.
SQL: SELECT * FROM `zc_sysconfig`  [ RunTime:0.0000s ]
INFO: [ view_parse ] --START--
INFO: [ template_filter ] --START--
INFO: Run Behavior\ContentReplaceBehavior [ RunTime:0.000000s ]
INFO: [ template_filter ] --END-- [ RunTime:0.000000s ]
INFO: Run Behavior\ParseTemplateBehavior [ RunTime:0.000000s ]
INFO: [ view_parse ] --END-- [ RunTime:0.000000s ]
INFO: [ view_filter ] --START--
INFO: Run Behavior\WriteHtmlCacheBehavior [ RunTime:0.000000s ]
INFO: [ view_filter ] --END-- [ RunTime:0.000000s ]

[ 2016-04-23T22:07:31+08:00 ] 111.113.224.210 /index.php?s=/home/login/index.html
INFO: [ app_init ] --START--
INFO: Run Behavior\BuildLiteBehavior [ RunTime:0.000000s ]
INFO: [ app_init ] --END-- [ RunTime:0.000000s ]
INFO: [ app_begin ] --START--
INFO: Run Behavior\ReadHtmlCacheBehavior [ RunTime:0.000000s ]
INFO: [ app_begin ] --END-- [ RunTime:0.000000s ]
NOTIC: [8] Undefined index: zc_user_info D:\www\wechatapp\web\AppZc\Home\Controller\LoginController.class.php 第 20 行.
INFO: [ view_parse ] --START--
INFO: [ template_filter ] --START--
INFO: Run Behavior\ContentReplaceBehavior [ RunTime:0.000000s ]
INFO: [ template_filter ] --END-- [ RunTime:0.000000s ]
INFO: Run Behavior\ParseTemplateBehavior [ RunTime:0.015622s ]
INFO: [ view_parse ] --END-- [ RunTime:0.015622s ]
INFO: [ view_filter ] --START--
INFO: Run Behavior\WriteHtmlCacheBehavior [ RunTime:0.000000s ]
INFO: [ view_filter ] --END-- [ RunTime:0.000000s ]
INFO: [ app_end ] --START--
INFO: Run Behavior\ShowPageTraceBehavior [ RunTime:0.000000s ]
INFO: [ app_end ] --END-- [ RunTime:0.000000s ]

[ 2016-04-23T22:07:36+08:00 ] 111.113.224.210 /index.php/Home/Login/LoginIn
INFO: [ app_init ] --START--
INFO: Run Behavior\BuildLiteBehavior [ RunTime:0.000000s ]
INFO: [ app_init ] --END-- [ RunTime:0.000000s ]
INFO: [ app_begin ] --START--
INFO: Run Behavior\ReadHtmlCacheBehavior [ RunTime:0.000000s ]
INFO: [ app_begin ] --END-- [ RunTime:0.000000s ]
SQL: SHOW COLUMNS FROM `zc_admin` [ RunTime:0.0000s ]
SQL: SELECT * FROM `zc_admin` WHERE `uname` = 'admin' LIMIT 1   [ RunTime:0.0000s ]
INFO: [ view_parse ] --START--
INFO: [ template_filter ] --START--
INFO: Run Behavior\ContentReplaceBehavior [ RunTime:0.000000s ]
INFO: [ template_filter ] --END-- [ RunTime:0.000000s ]
INFO: Run Behavior\ParseTemplateBehavior [ RunTime:0.000000s ]
INFO: [ view_parse ] --END-- [ RunTime:0.000000s ]
INFO: [ view_filter ] --START--
INFO: Run Behavior\WriteHtmlCacheBehavior [ RunTime:0.000000s ]
INFO: [ view_filter ] --END-- [ RunTime:0.000000s ]
INFO: [ app_end ] --START--
INFO: Run Behavior\ShowPageTraceBehavior [ RunTime:0.000000s ]
INFO: [ app_end ] --END-- [ RunTime:0.000000s ]

[ 2016-04-23T22:07:37+08:00 ] 111.113.224.210 /index.php?s=/home/index/index.html
INFO: [ app_init ] --START--
INFO: Run Behavior\BuildLiteBehavior [ RunTime:0.000000s ]
INFO: [ app_init ] --END-- [ RunTime:0.000000s ]
INFO: [ app_begin ] --START--
INFO: Run Behavior\ReadHtmlCacheBehavior [ RunTime:0.000000s ]
INFO: [ app_begin ] --END-- [ RunTime:0.000000s ]
INFO: [ view_parse ] --START--
INFO: [ template_filter ] --START--
INFO: Run Behavior\ContentReplaceBehavior [ RunTime:0.000000s ]
INFO: [ template_filter ] --END-- [ RunTime:0.000000s ]
INFO: Run Behavior\ParseTemplateBehavior [ RunTime:0.000000s ]
INFO: [ view_parse ] --END-- [ RunTime:0.000000s ]
INFO: [ view_filter ] --START--
INFO: Run Behavior\WriteHtmlCacheBehavior [ RunTime:0.000000s ]
INFO: [ view_filter ] --END-- [ RunTime:0.000000s ]
INFO: [ app_end ] --START--
INFO: Run Behavior\ShowPageTraceBehavior [ RunTime:0.000000s ]
INFO: [ app_end ] --END-- [ RunTime:0.000000s ]

[ 2016-04-23T22:07:39+08:00 ] 111.113.224.210 /index.php?s=/home/Crowdfunding/index.html
INFO: [ app_init ] --START--
INFO: Run Behavior\BuildLiteBehavior [ RunTime:0.000000s ]
INFO: [ app_init ] --END-- [ RunTime:0.000000s ]
INFO: [ app_begin ] --START--
INFO: Run Behavior\ReadHtmlCacheBehavior [ RunTime:0.000000s ]
INFO: [ app_begin ] --END-- [ RunTime:0.000000s ]
NOTIC: [8] Use of undefined constant EXTFUNCTION_FUNCTIONPLUGIN - assumed 'EXTFUNCTION_FUNCTIONPLUGIN' D:\www\wechatapp\web\AppZc\ExtFunction\Crowdfunding\Api\Api.class.php 第 13 行.
SQL: SHOW COLUMNS FROM `zc_object` [ RunTime:0.0000s ]
SQL: SHOW COLUMNS FROM `zc_object` [ RunTime:0.0000s ]
NOTIC: [2] Missing argument 1 for Think\Model::where(), called in D:\www\wechatapp\web\AppZc\ExtFunction\Crowdfunding\Model\CrowdundingModel.class.php on line 23 and defined D:\www\wechatapp\web\Include\Library\Think\Model.class.php 第 1797 行.
NOTIC: [8] Undefined variable: where D:\www\wechatapp\web\Include\Library\Think\Model.class.php 第 1805 行.
NOTIC: [8] Undefined variable: where D:\www\wechatapp\web\Include\Library\Think\Model.class.php 第 1808 行.
NOTIC: [8] Undefined variable: where D:\www\wechatapp\web\Include\Library\Think\Model.class.php 第 1816 行.
SQL: SELECT * FROM `zc_object`  [ RunTime:0.0000s ]
INFO: [ view_parse ] --START--
INFO: [ template_filter ] --START--
INFO: Run Behavior\ContentReplaceBehavior [ RunTime:0.000000s ]
INFO: [ template_filter ] --END-- [ RunTime:0.000000s ]
INFO: Run Behavior\ParseTemplateBehavior [ RunTime:0.015623s ]
INFO: [ view_parse ] --END-- [ RunTime:0.015623s ]
INFO: [ view_filter ] --START--
INFO: Run Behavior\WriteHtmlCacheBehavior [ RunTime:0.000000s ]
INFO: [ view_filter ] --END-- [ RunTime:0.000000s ]
INFO: [ app_end ] --START--
INFO: Run Behavior\ShowPageTraceBehavior [ RunTime:0.000000s ]
INFO: [ app_end ] --END-- [ RunTime:0.000000s ]

[ 2016-04-23T22:07:41+08:00 ] 111.113.224.210 /index.php?s=/home/crowdfunding/addBodyIndex/oid/1
INFO: [ app_init ] --START--
INFO: Run Behavior\BuildLiteBehavior [ RunTime:0.000000s ]
INFO: [ app_init ] --END-- [ RunTime:0.000000s ]
INFO: [ app_begin ] --START--
INFO: Run Behavior\ReadHtmlCacheBehavior [ RunTime:0.000000s ]
INFO: [ app_begin ] --END-- [ RunTime:0.000000s ]
NOTIC: [8] Use of undefined constant EXTFUNCTION_FUNCTIONPLUGIN - assumed 'EXTFUNCTION_FUNCTIONPLUGIN' D:\www\wechatapp\web\AppZc\ExtFunction\Crowdfunding\Api\Api.class.php 第 13 行.
SQL: SHOW COLUMNS FROM `zc_object` [ RunTime:0.0000s ]
INFO: [ view_parse ] --START--
INFO: [ template_filter ] --START--
INFO: Run Behavior\ContentReplaceBehavior [ RunTime:0.000000s ]
INFO: [ template_filter ] --END-- [ RunTime:0.000000s ]
INFO: Run Behavior\ParseTemplateBehavior [ RunTime:0.000000s ]
INFO: [ view_parse ] --END-- [ RunTime:0.000000s ]
INFO: [ view_filter ] --START--
INFO: Run Behavior\WriteHtmlCacheBehavior [ RunTime:0.000000s ]
INFO: [ view_filter ] --END-- [ RunTime:0.000000s ]
INFO: [ app_end ] --START--
INFO: Run Behavior\ShowPageTraceBehavior [ RunTime:0.000000s ]
INFO: [ app_end ] --END-- [ RunTime:0.000000s ]

[ 2016-04-23T22:11:03+08:00 ] 111.113.224.210 /index.php?s=/home/crowdfunding/addBodyIndex/oid/1
INFO: [ app_init ] --START--
INFO: Run Behavior\BuildLiteBehavior [ RunTime:0.000000s ]
INFO: [ app_init ] --END-- [ RunTime:0.000000s ]
INFO: [ app_begin ] --START--
INFO: Run Behavior\ReadHtmlCacheBehavior [ RunTime:0.000000s ]
INFO: [ app_begin ] --END-- [ RunTime:0.000000s ]
NOTIC: [8] Use of undefined constant EXTFUNCTION_FUNCTIONPLUGIN - assumed 'EXTFUNCTION_FUNCTIONPLUGIN' D:\www\wechatapp\web\AppZc\ExtFunction\Crowdfunding\Api\Api.class.php 第 13 行.
SQL: SHOW COLUMNS FROM `zc_object` [ RunTime:0.0000s ]
INFO: [ view_parse ] --START--
INFO: [ template_filter ] --START--
INFO: Run Behavior\ContentReplaceBehavior [ RunTime:0.000000s ]
INFO: [ template_filter ] --END-- [ RunTime:0.000000s ]
INFO: Run Behavior\ParseTemplateBehavior [ RunTime:0.000000s ]
INFO: [ view_parse ] --END-- [ RunTime:0.000000s ]
INFO: [ view_filter ] --START--
INFO: Run Behavior\WriteHtmlCacheBehavior [ RunTime:0.000000s ]
INFO: [ view_filter ] --END-- [ RunTime:0.000000s ]
INFO: [ app_end ] --START--
INFO: Run Behavior\ShowPageTraceBehavior [ RunTime:0.000000s ]
INFO: [ app_end ] --END-- [ RunTime:0.000000s ]

[ 2016-04-23T22:11:48+08:00 ] 111.113.224.210 /index.php?s=/home/WeChatUser/index.html
INFO: [ app_init ] --START--
INFO: Run Behavior\BuildLiteBehavior [ RunTime:0.000000s ]
INFO: [ app_init ] --END-- [ RunTime:0.000000s ]
INFO: [ app_begin ] --START--
INFO: Run Behavior\ReadHtmlCacheBehavior [ RunTime:0.000000s ]
INFO: [ app_begin ] --END-- [ RunTime:0.000000s ]
SQL: SHOW COLUMNS FROM `zc_wechatuserinfo` [ RunTime:0.0000s ]
SQL: SHOW COLUMNS FROM `zc_sysconfig` [ RunTime:0.0000s ]
SQL: SELECT `id`,`zc_key`,`zc_val`,`zc_descript` FROM `zc_sysconfig` WHERE `zc_key` = 'ZC_TOKEN' LIMIT 1   [ RunTime:0.0000s ]
SQL: SELECT `id`,`zc_key`,`zc_val`,`zc_descript` FROM `zc_sysconfig` WHERE `zc_key` = 'ZC_APPSECRET' LIMIT 1   [ RunTime:0.0000s ]
SQL: SELECT `id`,`zc_key`,`zc_val`,`zc_descript` FROM `zc_sysconfig` WHERE `zc_key` = 'ZC_APPID' LIMIT 1   [ RunTime:0.0000s ]
SQL: SELECT `id`,`zc_key`,`zc_val`,`zc_descript` FROM `zc_sysconfig` WHERE `zc_key` = 'ZC_ENCODINGAESKEY' LIMIT 1   [ RunTime:0.0000s ]
SQL: SHOW COLUMNS FROM `zc_wechatuserinfo` [ RunTime:0.0000s ]
NOTIC: [2] Missing argument 1 for Think\Model::where(), called in D:\www\wechatapp\web\AppZc\Home\Controller\WeChatUserController.class.php on line 25 and defined D:\www\wechatapp\web\Include\Library\Think\Model.class.php 第 1797 行.
NOTIC: [8] Undefined variable: where D:\www\wechatapp\web\Include\Library\Think\Model.class.php 第 1805 行.
NOTIC: [8] Undefined variable: where D:\www\wechatapp\web\Include\Library\Think\Model.class.php 第 1808 行.
NOTIC: [8] Undefined variable: where D:\www\wechatapp\web\Include\Library\Think\Model.class.php 第 1816 行.
SQL: SELECT COUNT(*) AS tp_count FROM `zc_wechatuserinfo` LIMIT 1   [ RunTime:0.0000s ]
NOTIC: [2] Missing argument 1 for Think\Model::where(), called in D:\www\wechatapp\web\AppZc\Home\Controller\WeChatUserController.class.php on line 28 and defined D:\www\wechatapp\web\Include\Library\Think\Model.class.php 第 1797 行.
NOTIC: [8] Undefined variable: where D:\www\wechatapp\web\Include\Library\Think\Model.class.php 第 1805 行.
NOTIC: [8] Undefined variable: where D:\www\wechatapp\web\Include\Library\Think\Model.class.php 第 1808 行.
NOTIC: [8] Undefined variable: where D:\www\wechatapp\web\Include\Library\Think\Model.class.php 第 1816 行.
SQL: SELECT * FROM `zc_wechatuserinfo` ORDER BY id LIMIT 0,25   [ RunTime:0.0000s ]
INFO: [ view_parse ] --START--
INFO: [ template_filter ] --START--
INFO: Run Behavior\ContentReplaceBehavior [ RunTime:0.000000s ]
INFO: [ template_filter ] --END-- [ RunTime:0.000000s ]
INFO: Run Behavior\ParseTemplateBehavior [ RunTime:0.015623s ]
INFO: [ view_parse ] --END-- [ RunTime:0.015623s ]
INFO: [ view_filter ] --START--
INFO: Run Behavior\WriteHtmlCacheBehavior [ RunTime:0.000000s ]
INFO: [ view_filter ] --END-- [ RunTime:0.000000s ]
INFO: [ app_end ] --START--
INFO: Run Behavior\ShowPageTraceBehavior [ RunTime:0.000000s ]
INFO: [ app_end ] --END-- [ RunTime:0.000000s ]

[ 2016-04-23T22:11:52+08:00 ] 111.113.224.210 /index.php?s=/home/WeChatUser/replayindex.html
INFO: [ app_init ] --START--
INFO: Run Behavior\BuildLiteBehavior [ RunTime:0.000000s ]
INFO: [ app_init ] --END-- [ RunTime:0.000000s ]
INFO: [ app_begin ] --START--
INFO: Run Behavior\ReadHtmlCacheBehavior [ RunTime:0.000000s ]
INFO: [ app_begin ] --END-- [ RunTime:0.000000s ]
SQL: SHOW COLUMNS FROM `zc_wechatuserinfo` [ RunTime:0.0000s ]
SQL: SHOW COLUMNS FROM `zc_sysconfig` [ RunTime:0.0000s ]
SQL: SELECT `id`,`zc_key`,`zc_val`,`zc_descript` FROM `zc_sysconfig` WHERE `zc_key` = 'ZC_TOKEN' LIMIT 1   [ RunTime:0.0000s ]
SQL: SELECT `id`,`zc_key`,`zc_val`,`zc_descript` FROM `zc_sysconfig` WHERE `zc_key` = 'ZC_APPSECRET' LIMIT 1   [ RunTime:0.0000s ]
SQL: SELECT `id`,`zc_key`,`zc_val`,`zc_descript` FROM `zc_sysconfig` WHERE `zc_key` = 'ZC_APPID' LIMIT 1   [ RunTime:0.0000s ]
SQL: SELECT `id`,`zc_key`,`zc_val`,`zc_descript` FROM `zc_sysconfig` WHERE `zc_key` = 'ZC_ENCODINGAESKEY' LIMIT 1   [ RunTime:0.0000s ]
INFO: [ view_parse ] --START--
INFO: [ template_filter ] --START--
INFO: Run Behavior\ContentReplaceBehavior [ RunTime:0.000000s ]
INFO: [ template_filter ] --END-- [ RunTime:0.000000s ]
INFO: Run Behavior\ParseTemplateBehavior [ RunTime:0.015623s ]
INFO: [ view_parse ] --END-- [ RunTime:0.015623s ]
INFO: [ view_filter ] --START--
INFO: Run Behavior\WriteHtmlCacheBehavior [ RunTime:0.000000s ]
INFO: [ view_filter ] --END-- [ RunTime:0.000000s ]
INFO: [ app_end ] --START--
INFO: Run Behavior\ShowPageTraceBehavior [ RunTime:0.000000s ]
INFO: [ app_end ] --END-- [ RunTime:0.000000s ]

[ 2016-04-23T22:11:58+08:00 ] 111.113.224.210 /index.php?s=/home/Crowdfunding/index.html
INFO: [ app_init ] --START--
INFO: Run Behavior\BuildLiteBehavior [ RunTime:0.000000s ]
INFO: [ app_init ] --END-- [ RunTime:0.000000s ]
INFO: [ app_begin ] --START--
INFO: Run Behavior\ReadHtmlCacheBehavior [ RunTime:0.000000s ]
INFO: [ app_begin ] --END-- [ RunTime:0.000000s ]
NOTIC: [8] Use of undefined constant EXTFUNCTION_FUNCTIONPLUGIN - assumed 'EXTFUNCTION_FUNCTIONPLUGIN' D:\www\wechatapp\web\AppZc\ExtFunction\Crowdfunding\Api\Api.class.php 第 13 行.
SQL: SHOW COLUMNS FROM `zc_object` [ RunTime:0.0000s ]
SQL: SHOW COLUMNS FROM `zc_object` [ RunTime:0.0000s ]
NOTIC: [2] Missing argument 1 for Think\Model::where(), called in D:\www\wechatapp\web\AppZc\ExtFunction\Crowdfunding\Model\CrowdundingModel.class.php on line 23 and defined D:\www\wechatapp\web\Include\Library\Think\Model.class.php 第 1797 行.
NOTIC: [8] Undefined variable: where D:\www\wechatapp\web\Include\Library\Think\Model.class.php 第 1805 行.
NOTIC: [8] Undefined variable: where D:\www\wechatapp\web\Include\Library\Think\Model.class.php 第 1808 行.
NOTIC: [8] Undefined variable: where D:\www\wechatapp\web\Include\Library\Think\Model.class.php 第 1816 行.
SQL: SELECT * FROM `zc_object`  [ RunTime:0.0000s ]
INFO: [ view_parse ] --START--
INFO: [ template_filter ] --START--
INFO: Run Behavior\ContentReplaceBehavior [ RunTime:0.000000s ]
INFO: [ template_filter ] --END-- [ RunTime:0.000000s ]
INFO: Run Behavior\ParseTemplateBehavior [ RunTime:0.015622s ]
INFO: [ view_parse ] --END-- [ RunTime:0.015622s ]
INFO: [ view_filter ] --START--
INFO: Run Behavior\WriteHtmlCacheBehavior [ RunTime:0.000000s ]
INFO: [ view_filter ] --END-- [ RunTime:0.000000s ]
INFO: [ app_end ] --START--
INFO: Run Behavior\ShowPageTraceBehavior [ RunTime:0.000000s ]
INFO: [ app_end ] --END-- [ RunTime:0.000000s ]

